<?xml version="1.0" encoding="UTF-8"?>
<!-- Generated by org.testng.reporters.JUnitReportReporter -->
<testsuite hostname="DESKTOP-BU8NB9Q" failures="0" tests="1" name="Baseclass_OrngHrm.LoginTestOrngHrm" time="2.369" errors="0" timestamp="2024-08-06T16:54:32 IST" skipped="0">
  <testcase classname="Baseclass_OrngHrm.LoginTestOrngHrm" name="testlogin" time="2.369"/>
  <system-out/>
</testsuite> <!-- Baseclass_OrngHrm.LoginTestOrngHrm -->
